================================================================================
Appcelerator Titanium Diagnostics Build Log
The contents of this file are useful to send to Appcelerator Support if
reporting an issue to help us understand your environment, build settings
and aid in debugging. Please attach this log to any issue that you report.
================================================================================

Starting build at 07/02/12 08:34

Build details:

   timestamp=06/28/12 12:16
   module_apiversion=2
   version=2.1.0
   githash=6e3cab6


Script arguments:
   /Users/j2/Library/Application Support/Titanium/mobilesdk/osx/2.1.0.GA/iphone/builder.py
   simulator
   5.1
   /Users/j2/dev/Titanium/geopost
   com.freestylestudios.geopost
   geopost
   universal
   iphone
   

Building from: /Users/j2/Library/Application Support/Titanium/mobilesdk/osx/2.1.0.GA/iphone
Platform: Darwin Kernel Version 11.4.2: Wed May 30 20:13:51 PDT 2012; root:xnu-1699.31.2~1/RELEASE_X86_64

Xcode path is: /Applications/Xcode.app/Contents/Developer


githash=6e3cab6, existing_git_hash=6e3cab6
writing contents of /Users/j2/dev/Titanium/geopost/build/iphone/project.xcconfig:

TI_VERSION=2.1.0.GA
TI_SDK_DIR=/Users/j2/Library/Application Support/Titanium/mobilesdk/osx/$(TI_VERSION)/iphone
TI_APPID=com.freestylestudios.geopost
OTHER_LDFLAGS[sdk=iphoneos*]=$(inherited) -weak_framework iAd
OTHER_LDFLAGS[sdk=iphonesimulator*]=$(inherited) -weak_framework iAd
#include "module"

old contents


Generated the following stylecode code:

<?xml version="1.0" encoding="UTF-8"?>
<!DOCTYPE plist PUBLIC "-//Apple//DTD PLIST 1.0//EN" "http://www.apple.com/DTDs/PropertyList-1.0.dtd">
<plist version="1.0">
	<dict>
		<key>classes</key>
		<dict>
</dict>

		<key>classes_density</key>
		<dict>
</dict>

		<key>ids</key>
		<dict>
</dict>

		<key>ids_density</key>
		<dict>
</dict>

		<key>tags</key>
		<dict>
</dict>

		<key>tags_density</key>
		<dict>
</dict>

	</dict>
</plist>
Finishing build

Exception detected in script:
Traceback (most recent call last):
  File "/Users/j2/Library/Application Support/Titanium/mobilesdk/osx/2.1.0.GA/iphone/builder.py", line 1437, in main
    os.waitpid(sim.pid,0)
  File "/Users/j2/Library/Application Support/Titanium/mobilesdk/osx/2.1.0.GA/iphone/builder.py", line 1372, in handler
    kill_simulator()
  File "/Users/j2/Library/Application Support/Titanium/mobilesdk/osx/2.1.0.GA/iphone/builder.py", line 77, in kill_simulator
    run.run(['/usr/bin/killall',"iPhone Simulator"],True)
  File "/Users/j2/Library/Application Support/Titanium/mobilesdk/osx/2.1.0.GA/iphone/run.py", line 8, in run
    sys.stdout.flush()
IOError: [Errno 32] Broken pipe
